Log file open, 03/03/15 22:38:49
LogInit:Display: Running engine for game: TopDownView
LogInit: Version: 4.7.1-2462028+++depot+UE4-Releases+4.7
LogInit: API Version: 2455222
LogInit: Compiled (64-bit): Feb 26 2015 07:49:00
LogInit: Compiled with Visual C++: 18.00.21005.01
LogInit: Build Configuration: Development
LogInit: Branch Name: ++depot+UE4-Releases+4.7
LogInit: Command line: 
LogInit: Base directory: D:/Programme/Epic Games/4.7/Engine/Binaries/Win64/
LogInit: Rocket: 1
[2015.03.03-21.38.49:974][  0]LogTaskGraph: Started task graph with 3 named threads and 6 total threads.
[2015.03.03-21.38.50:036][  0]LogOnline:Warning: No default platform service specified for OnlineSubsystem
[2015.03.03-21.38.50:052][  0]LogInit: Presizing for 0 objects not considered by GC, pre-allocating 0 bytes.
[2015.03.03-21.38.50:062][  0]LogInit: Object subsystem initialized
[2015.03.03-21.38.50:064][  0]LogConsoleResponse:Warning: Skipping Unknown console variable: 'TranslucentSortAxis = (X=0.000000,Y=-1.000000,Z=0.000000)'
[2015.03.03-21.38.50:064][  0]LogConsoleResponse:Warning:   Found in ini file 'C:/Users/Marvin/Documents/GitHub/HdRaufUE4/TopDownView/Saved/Config/Windows/Engine.ini', in section '[/Script/Engine.RendererSettings]'
[2015.03.03-21.38.50:064][  0]LogConsoleResponse:Warning: Skipping Unknown console variable: 'UIScaleRule = ShortestSide'
[2015.03.03-21.38.50:064][  0]LogConsoleResponse:Warning:   Found in ini file 'C:/Users/Marvin/Documents/GitHub/HdRaufUE4/TopDownView/Saved/Config/Windows/Engine.ini', in section '[/Script/Engine.RendererSettings]'
[2015.03.03-21.38.50:064][  0]LogConsoleResponse:Warning: Skipping Unknown console variable: 'UIScaleCurve = (EditorCurveData=(Keys=),ExternalCurve=None)'
[2015.03.03-21.38.50:064][  0]LogConsoleResponse:Warning:   Found in ini file 'C:/Users/Marvin/Documents/GitHub/HdRaufUE4/TopDownView/Saved/Config/Windows/Engine.ini', in section '[/Script/Engine.RendererSettings]'
[2015.03.03-21.38.50:065][  0]LogInit: Selected Device Profile: [Windows]
[2015.03.03-21.38.50:065][  0]LogInit: Applying CVar settings loaded from the selected device profile: [Windows]
[2015.03.03-21.38.50:073][  0]LogInit: Computer: MARVIN-PC
[2015.03.03-21.38.50:073][  0]LogInit: User: Marvin
[2015.03.03-21.38.50:073][  0]LogInit: CPU Page size=4096, Cores=4
[2015.03.03-21.38.50:073][  0]LogInit: High frequency timer resolution =3.320339 MHz
[2015.03.03-21.38.50:073][  0]LogMemory: Memory total: Physical=7.9GB (8GB approx) Virtual=131072.0GB
[2015.03.03-21.38.50:074][  0]LogMemory: Platform Memory Stats for Windows
[2015.03.03-21.38.50:074][  0]LogMemory: Process Physical Memory: 46.00 MB used, 46.00 MB peak
[2015.03.03-21.38.50:074][  0]LogMemory: Process Virtual Memory: 24.44 MB used, 24.45 MB peak
[2015.03.03-21.38.50:074][  0]LogMemory: Physical Memory: 3831.78 MB used, 8072.66 MB total
[2015.03.03-21.38.50:074][  0]LogMemory: Virtual Memory: 284.24 MB used, 134217728.00 MB total
[2015.03.03-21.38.50:099][  0]LogD3D11RHI: Found D3D11 adapter 0: NVIDIA GeForce GTX 980 (Feature Level 11_0)
[2015.03.03-21.38.50:099][  0]LogD3D11RHI: Adapter has 3956MB of dedicated video memory, 0MB of dedicated system memory, and 4036MB of shared system memory, 2 output[s]
[2015.03.03-21.38.50:102][  0]LogD3D11RHI: Found D3D11 adapter 1: Intel(R) HD Graphics (Feature Level 10_0)
[2015.03.03-21.38.50:102][  0]LogD3D11RHI: Adapter has 32MB of dedicated video memory, 0MB of dedicated system memory, and 1632MB of shared system memory, 0 output[s]
[2015.03.03-21.38.50:104][  0]LogD3D11RHI: Found D3D11 adapter 2: Microsoft Basic Render Driver (Feature Level 11_0)
[2015.03.03-21.38.50:104][  0]LogD3D11RHI: Adapter has 0MB of dedicated video memory, 0MB of dedicated system memory, and 256MB of shared system memory, 0 output[s]
[2015.03.03-21.38.50:104][  0]LogD3D11RHI: Chosen D3D11 Adapter Id = 0
[2015.03.03-21.38.50:107][  0]LogRHI: Texture pool is 1361 MB (70% of 1945 MB)
[2015.03.03-21.38.50:119][  0]LogD3D11RHI: Async texture creation enabled
[2015.03.03-21.38.50:186][  0]LogTextLocalizationManager: The requested culture ('de_DE') has no localization data; falling back to 'en' for localization and internationalization data.
[2015.03.03-21.38.50:376][  0]LogContentStreaming: Texture pool size is 0.000000MB
[2015.03.03-21.38.53:078][  0]LogTargetPlatformManager:Display: Building Assets For Windows
[2015.03.03-21.38.53:850][  0]LogTargetPlatformManager:Display: Building Assets For Windows
[2015.03.03-21.38.53:916][  0]LogDerivedDataCache:Display: Max Cache Size: 512 MB
[2015.03.03-21.38.53:957][  0]LogDerivedDataCache: Loaded boot cache 0.04s 39MB C:/Users/Marvin/AppData/Local/UnrealEngine/4.7/DerivedDataCache/Boot.ddc.
[2015.03.03-21.38.53:957][  0]LogDerivedDataCache:Display: Loaded Boot cache: C:/Users/Marvin/AppData/Local/UnrealEngine/4.7/DerivedDataCache/Boot.ddc
[2015.03.03-21.38.53:957][  0]LogDerivedDataCache: FDerivedDataBackendGraph:  Pak pak cache file C:/Users/Marvin/Documents/GitHub/HdRaufUE4/TopDownView/DerivedDataCache/DDC.ddp not found, will not use a pak cache.
[2015.03.03-21.38.53:957][  0]LogDerivedDataCache: Unable to find inner node Pak for hierarchical cache Hierarchy.
[2015.03.03-21.38.54:085][  0]LogDerivedDataCache:Display: Pak cache opened for reading ../../../Engine/DerivedDataCache/Compressed.ddp.
[2015.03.03-21.38.54:099][  0]LogDerivedDataCache: Using Local data cache path C:/Users/Marvin/AppData/Local/UnrealEngine/Common/DerivedDataCache: Writable
[2015.03.03-21.38.54:421][  0]LogMeshUtilities: No automatic mesh reduction module available
[2015.03.03-21.38.54:421][  0]LogMeshUtilities: No automatic mesh merging module available
[2015.03.03-21.38.54:845][  0]LogInit: WinSock: version 1.1 (2.2), MaxSocks=32767, MaxUdp=65467
[2015.03.03-21.38.54:929][  0]LogSlate:Warning: Failed to load font data from '../../../Engine/Content/Slate/Fonts/Roboto-Italic.ttf'
[2015.03.03-21.38.55:778][  0]UdpMessaging: Initializing bridge on interface 0.0.0.0:0 to multicast group 230.0.0.1:6666.
[2015.03.03-21.38.56:004][  0]SourceControl: Info Source control is disabled
[2015.03.03-21.38.56:005][  0]SourceControl: Info Source control is disabled
[2015.03.03-21.38.56:005][  0]SourceControl: Info Source control is disabled
[2015.03.03-21.38.56:005][  0]LogSourceControl: RunCommandInternalRaw: 'git version'
[2015.03.03-21.38.56:005][  0]LogSourceControl: RunCommandInternalRaw: ExecProcess ReturnCode=2 OutResults=''
[2015.03.03-21.38.56:014][  0]SourceControl: Info Source control is disabled
[2015.03.03-21.38.56:223][  0]LogObj: 24231 objects as part of root set at end of initial load.
[2015.03.03-21.38.56:223][  0]LogUObjectAllocator: 5136440 out of 0 bytes used by permanent object pool.
[2015.03.03-21.38.56:309][  0]LogEngine: Initializing Engine...
[2015.03.03-21.39.17:496][  0]LogInit: XAudio2 using 'Kopfhörer (High Definition Audio-Gerät)' : 2 channels at 44.1 kHz using 16 bits per sample (channel mask 0x3)
[2015.03.03-21.39.17:506][  0]LogInit: FAudioDevice initialized.
[2015.03.03-21.39.17:544][  0]LogAIModule: Creating AISystem for world NewWorld
[2015.03.03-21.39.17:566][  0]LogDerivedDataCache: Saved boot cache 0.02s 39MB C:/Users/Marvin/AppData/Local/UnrealEngine/4.7/DerivedDataCache/Boot.ddc.
[2015.03.03-21.39.17:572][  0]LogInit: Texture streaming: Enabled
[2015.03.03-21.39.17:665][  0]LogAnalytics: Creating configured Analytics provider AnalyticsET
[2015.03.03-21.39.17:665][  0]LogAnalytics: ET APIKey = Rocket.Release. APIServer = http://et2.epicgames.com/ET2/. AppVersion = 4.7.1-2462028+++depot+UE4-Releases+4.7
[2015.03.03-21.39.17:665][  0]LogAnalytics: ET APIKey = Rocket.Release. DataRouterUploadURL = https://datarouter-public-service-gamedev.ol.epicgames.net/datarouter/api/v1/public/data. AppVersion = 4.7.1-2462028+++depot+UE4-Releases+4.7
[2015.03.03-21.39.17:665][  0]LogAnalytics: SetUserId b62749c645e60b932c07e89fc35705ac|5c42ae086aa548c9a2fcd0cdd646e0cb|17edb7c8-2ee6-4e9f-8e4b-c7a6239d30d1
[2015.03.03-21.39.17:665][  0]LogAnalytics: AnalyticsET::StartSession [Rocket.Release]
[2015.03.03-21.39.17:744][  0]LogInit: Transaction tracking system 